<?xml version="1.0" encoding="UTF-8"?>
<!-- Generated by org.testng.reporters.JUnitReportReporter -->
<testsuite skipped="0" hostname="LAPTOP-0KMM1L6H" name="com.vcentry.lab.testcases.AddNewUserTest" tests="3" failures="0" timestamp="2022-06-01T08:09:41 IST" time="65.305" errors="0">
  <testcase name="navigatetoUsersinAdminTab" time="1.635" classname="com.vcentry.lab.testcases.AddNewUserTest"/>
  <system-out/>
  <testcase name="addNewUser" time="31.816" classname="com.vcentry.lab.testcases.AddNewUserTest"/>
  <system-out/>
  <testcase name="addNewUser" time="31.854" classname="com.vcentry.lab.testcases.AddNewUserTest"/>
  <system-out/>
</testsuite> <!-- com.vcentry.lab.testcases.AddNewUserTest -->
