<?xml version="1.0" encoding="UTF-8"?>
<!-- Generated by org.testng.reporters.JUnitReportReporter -->
<testsuite skipped="0" hostname="LAPTOP-0KMM1L6H" name="com.vcentry.lab.testcases.LoginTest" tests="4" failures="0" timestamp="2022-06-01T08:09:41 IST" time="9.568" errors="0">
  <testcase name="login" time="0.280" classname="com.vcentry.lab.testcases.LoginTest"/>
  <system-out/>
  <testcase name="login" time="2.454" classname="com.vcentry.lab.testcases.LoginTest"/>
  <system-out/>
  <testcase name="login" time="5.453" classname="com.vcentry.lab.testcases.LoginTest"/>
  <system-out/>
  <testcase name="login" time="1.381" classname="com.vcentry.lab.testcases.LoginTest"/>
  <system-out/>
</testsuite> <!-- com.vcentry.lab.testcases.LoginTest -->
